Determining if the pthread_create exist failed with the following output:
Change Dir: /home/huyh/distributed_mapper_ws/src/gps_node/cmake-build-debug/CMakeFiles/CMakeTmp

Run Build Command:"/usr/bin/make" "cmTC_2a0d9/fast"
/usr/bin/make -f CMakeFiles/cmTC_2a0d9.dir/build.make CMakeFiles/cmTC_2a0d9.dir/build
make[1]: Entering directory '/home/huyh/distributed_mapper_ws/src/gps_node/cmake-build-debug/CMakeFiles/CMakeTmp'
Building C object CMakeFiles/cmTC_2a0d9.dir/CheckSymbolExists.c.o
/usr/bin/cc     -o CMakeFiles/cmTC_2a0d9.dir/CheckSymbolExists.c.o   -c /home/huyh/distributed_mapper_ws/src/gps_node/cmake-build-debug/CMakeFiles/CMakeTmp/CheckSymbolExists.c
Linking C executable cmTC_2a0d9
/opt/clion/clion-2016.3.4/bin/cmake/bin/cmake -E cmake_link_script CMakeFiles/cmTC_2a0d9.dir/link.txt --verbose=1
/usr/bin/cc       CMakeFiles/cmTC_2a0d9.dir/CheckSymbolExists.c.o  -o cmTC_2a0d9 -rdynamic 
CMakeFiles/cmTC_2a0d9.dir/CheckSymbolExists.c.o: In function `main':
CheckSymbolExists.c:(.text+0x16): undefined reference to `pthread_create'
collect2: error: ld returned 1 exit status
CMakeFiles/cmTC_2a0d9.dir/build.make:97: recipe for target 'cmTC_2a0d9' failed
make[1]: *** [cmTC_2a0d9] Error 1
make[1]: Leaving directory '/home/huyh/distributed_mapper_ws/src/gps_node/cmake-build-debug/CMakeFiles/CMakeTmp'
Makefile:126: recipe for target 'cmTC_2a0d9/fast' failed
make: *** [cmTC_2a0d9/fast] Error 2

File /home/huyh/distributed_mapper_ws/src/gps_node/cmake-build-debug/CMakeFiles/CMakeTmp/CheckSymbolExists.c:
/* */
#include <pthread.h>

int main(int argc, char** argv)
{
  (void)argv;
#ifndef pthread_create
  return ((int*)(&pthread_create))[argc];
#else
  (void)argc;
  return 0;
#endif
}

Determining if the function pthread_create exists in the pthreads failed with the following output:
Change Dir: /home/huyh/distributed_mapper_ws/src/gps_node/cmake-build-debug/CMakeFiles/CMakeTmp

Run Build Command:"/usr/bin/make" "cmTC_3f2fc/fast"
/usr/bin/make -f CMakeFiles/cmTC_3f2fc.dir/build.make CMakeFiles/cmTC_3f2fc.dir/build
make[1]: Entering directory '/home/huyh/distributed_mapper_ws/src/gps_node/cmake-build-debug/CMakeFiles/CMakeTmp'
Building C object CMakeFiles/cmTC_3f2fc.dir/CheckFunctionExists.c.o
/usr/bin/cc    -DCHECK_FUNCTION_EXISTS=pthread_create   -o CMakeFiles/cmTC_3f2fc.dir/CheckFunctionExists.c.o   -c /opt/clion/clion-2016.3.4/bin/cmake/share/cmake-3.6/Modules/CheckFunctionExists.c
Linking C executable cmTC_3f2fc
/opt/clion/clion-2016.3.4/bin/cmake/bin/cmake -E cmake_link_script CMakeFiles/cmTC_3f2fc.dir/link.txt --verbose=1
/usr/bin/cc   -DCHECK_FUNCTION_EXISTS=pthread_create    CMakeFiles/cmTC_3f2fc.dir/CheckFunctionExists.c.o  -o cmTC_3f2fc -rdynamic -lpthreads 
/usr/bin/ld: cannot find -lpthreads
collect2: error: ld returned 1 exit status
CMakeFiles/cmTC_3f2fc.dir/build.make:97: recipe for target 'cmTC_3f2fc' failed
make[1]: *** [cmTC_3f2fc] Error 1
make[1]: Leaving directory '/home/huyh/distributed_mapper_ws/src/gps_node/cmake-build-debug/CMakeFiles/CMakeTmp'
Makefile:126: recipe for target 'cmTC_3f2fc/fast' failed
make: *** [cmTC_3f2fc/fast] Error 2


