Determining if the pthread_create exist failed with the following output:
Change Dir: /home/huyh/distributed_mapper_ws/src/simple_detection/cmake-build-debug/CMakeFiles/CMakeTmp

Run Build Command:"/usr/bin/make" "cmTC_324c1/fast"
/usr/bin/make -f CMakeFiles/cmTC_324c1.dir/build.make CMakeFiles/cmTC_324c1.dir/build
make[1]: Entering directory '/home/huyh/distributed_mapper_ws/src/simple_detection/cmake-build-debug/CMakeFiles/CMakeTmp'
Building C object CMakeFiles/cmTC_324c1.dir/CheckSymbolExists.c.o
/usr/bin/cc     -o CMakeFiles/cmTC_324c1.dir/CheckSymbolExists.c.o   -c /home/huyh/distributed_mapper_ws/src/simple_detection/cmake-build-debug/CMakeFiles/CMakeTmp/CheckSymbolExists.c
Linking C executable cmTC_324c1
/opt/clion/clion-2016.3.4/bin/cmake/bin/cmake -E cmake_link_script CMakeFiles/cmTC_324c1.dir/link.txt --verbose=1
/usr/bin/cc       CMakeFiles/cmTC_324c1.dir/CheckSymbolExists.c.o  -o cmTC_324c1 -rdynamic 
CMakeFiles/cmTC_324c1.dir/CheckSymbolExists.c.o: In function `main':
CheckSymbolExists.c:(.text+0x16): undefined reference to `pthread_create'
collect2: error: ld returned 1 exit status
CMakeFiles/cmTC_324c1.dir/build.make:97: recipe for target 'cmTC_324c1' failed
make[1]: *** [cmTC_324c1] Error 1
make[1]: Leaving directory '/home/huyh/distributed_mapper_ws/src/simple_detection/cmake-build-debug/CMakeFiles/CMakeTmp'
Makefile:126: recipe for target 'cmTC_324c1/fast' failed
make: *** [cmTC_324c1/fast] Error 2

File /home/huyh/distributed_mapper_ws/src/simple_detection/cmake-build-debug/CMakeFiles/CMakeTmp/CheckSymbolExists.c:
/* */
#include <pthread.h>

int main(int argc, char** argv)
{
  (void)argv;
#ifndef pthread_create
  return ((int*)(&pthread_create))[argc];
#else
  (void)argc;
  return 0;
#endif
}

Determining if the function pthread_create exists in the pthreads failed with the following output:
Change Dir: /home/huyh/distributed_mapper_ws/src/simple_detection/cmake-build-debug/CMakeFiles/CMakeTmp

Run Build Command:"/usr/bin/make" "cmTC_15381/fast"
/usr/bin/make -f CMakeFiles/cmTC_15381.dir/build.make CMakeFiles/cmTC_15381.dir/build
make[1]: Entering directory '/home/huyh/distributed_mapper_ws/src/simple_detection/cmake-build-debug/CMakeFiles/CMakeTmp'
Building C object CMakeFiles/cmTC_15381.dir/CheckFunctionExists.c.o
/usr/bin/cc    -DCHECK_FUNCTION_EXISTS=pthread_create   -o CMakeFiles/cmTC_15381.dir/CheckFunctionExists.c.o   -c /opt/clion/clion-2016.3.4/bin/cmake/share/cmake-3.6/Modules/CheckFunctionExists.c
Linking C executable cmTC_15381
/opt/clion/clion-2016.3.4/bin/cmake/bin/cmake -E cmake_link_script CMakeFiles/cmTC_15381.dir/link.txt --verbose=1
/usr/bin/cc   -DCHECK_FUNCTION_EXISTS=pthread_create    CMakeFiles/cmTC_15381.dir/CheckFunctionExists.c.o  -o cmTC_15381 -rdynamic -lpthreads 
/usr/bin/ld: cannot find -lpthreads
collect2: error: ld returned 1 exit status
CMakeFiles/cmTC_15381.dir/build.make:97: recipe for target 'cmTC_15381' failed
make[1]: *** [cmTC_15381] Error 1
make[1]: Leaving directory '/home/huyh/distributed_mapper_ws/src/simple_detection/cmake-build-debug/CMakeFiles/CMakeTmp'
Makefile:126: recipe for target 'cmTC_15381/fast' failed
make: *** [cmTC_15381/fast] Error 2


